15.11.2019 02:55:52	This log contains information about the import schema operation into project 'Restaurant' on computer 'PUSSYROAD' by user 'bsk69'.
15.11.2019 02:55:53	Import of database schema has started.
15.11.2019 02:55:58	Gathering database credentials
15.11.2019 02:55:58	Gathering database options
15.11.2019 02:55:58	Gathering users
15.11.2019 02:55:58	Gathering roles
15.11.2019 02:55:58	Gathering application roles
15.11.2019 02:55:58	Gathering role memberships
15.11.2019 02:55:58	Gathering filegroups
15.11.2019 02:55:58	Gathering full-text catalogs
15.11.2019 02:55:58	Gathering assemblies
15.11.2019 02:55:58	Gathering certificates
15.11.2019 02:55:58	Gathering asymmetric keys
15.11.2019 02:55:58	Gathering symmetric keys
15.11.2019 02:55:58	Gathering encrypted symmetric keys
15.11.2019 02:55:58	Gathering schemas
15.11.2019 02:55:58	Gathering XML schema collections
15.11.2019 02:55:58	Gathering user-defined data types
15.11.2019 02:55:58	Gathering user-defined types
15.11.2019 02:55:58	Gathering table types
15.11.2019 02:55:58	Gathering unique keys for table types
15.11.2019 02:55:58	Gathering primary keys for table types
15.11.2019 02:55:58	Gathering indexes for table types
15.11.2019 02:55:58	Gathering check constraints for table types
15.11.2019 02:55:58	Gathering default constraints for table types
15.11.2019 02:55:58	Gathering partition functions
15.11.2019 02:55:58	Gathering partition schemes
15.11.2019 02:55:58	Gathering functions
15.11.2019 02:55:58	Gathering encrypted functions
15.11.2019 02:55:58	Gathering aggregates
15.11.2019 02:55:58	Gathering procedures
15.11.2019 02:55:58	Gathering encrypted procedures
15.11.2019 02:55:58	Gathering tables
15.11.2019 02:55:58	Gathering primary keys
15.11.2019 02:55:58	Gathering unique constraints
15.11.2019 02:55:58	Gathering foreign keys
15.11.2019 02:55:58	Gathering default constraints
15.11.2019 02:55:58	Gathering check constraints
15.11.2019 02:55:58	Gathering views
15.11.2019 02:55:58	Gathering encrypted views
15.11.2019 02:55:58	Gathering indexes
15.11.2019 02:55:58	Gathering statistics
15.11.2019 02:55:58	Gathering full-text index stoplists
15.11.2019 02:55:58	Gathering search property lists
15.11.2019 02:55:58	Gathering search properties
15.11.2019 02:55:58	Gathering full-text indexes
15.11.2019 02:55:58	Gathering column store indexes
15.11.2019 02:55:58	Gathering spatial indexes
15.11.2019 02:55:58	Gathering XML indexes
15.11.2019 02:55:58	Gathering Selective XML indexes
15.11.2019 02:55:58	Gathering encrypted triggers
15.11.2019 02:55:58	Gathering triggers
15.11.2019 02:55:58	Gathering encrypted and clr ddl triggers
15.11.2019 02:55:58	Gathering ddl triggers
15.11.2019 02:55:58	Gathering synonyms
15.11.2019 02:55:58	Gathering defaults
15.11.2019 02:55:58	Gathering data constraint uddt bindings
15.11.2019 02:55:58	Gathering rules
15.11.2019 02:55:58	Gathering data constraint uddt bindings
15.11.2019 02:55:58	Gathering message types
15.11.2019 02:55:58	Gathering queues
15.11.2019 02:55:58	Gathering contracts
15.11.2019 02:55:58	Gathering services
15.11.2019 02:55:58	Gathering event notifications
15.11.2019 02:55:58	Gathering remote service bindings
15.11.2019 02:55:58	Gathering broker priorities
15.11.2019 02:55:58	Gathering signatures
15.11.2019 02:55:58	Gathering data compression options
15.11.2019 02:55:58	Gathering sequence types
15.11.2019 02:55:58	Gathering security policies
15.11.2019 02:55:58	Gather column encryption keys
15.11.2019 02:55:58	Gathering column master keys
15.11.2019 02:55:58	Gathering external data sources
15.11.2019 02:55:58	Gathering external file formats
15.11.2019 02:55:58	Gathering external tables
15.11.2019 02:55:58	Gathering extended properties
15.11.2019 02:56:00	Gathering credentials
15.11.2019 02:56:00	Gathering logins
15.11.2019 02:56:00	Gathering server audits
15.11.2019 02:56:00	Finished importing database.
15.11.2019 02:56:00	A summary of the import was saved to the following location: C:\Users\bsk69\Documents\Visual Studio 2017\Projects\WindowsFormsApp4\Restaurant\Import Schema Logs\Restaurant_20191115015552.log
15.11.2019 02:56:00	Click Finish to continue...
